<?xml version="1.0" encoding="UTF-8"?>
<testng-results ignored="0" total="1" passed="1" failed="0" skipped="0">
  <reporter-output>
  </reporter-output>
  <suite started-at="2023-04-28T12:16:11 IST" name="Default suite" finished-at="2023-04-28T12:16:23 IST" duration-ms="11482">
    <groups>
    </groups>
    <test started-at="2023-04-28T12:16:11 IST" name="Default test" finished-at="2023-04-28T12:16:23 IST" duration-ms="11482">
      <class name="amazon.testcases.loginpagetest">
        <test-method is-config="true" signature="loadConfig()[pri:0, instance:amazon.testcases.loginpagetest@29215f06]" started-at="2023-04-28T12:16:11 IST" name="loadConfig" finished-at="2023-04-28T12:16:11 IST" duration-ms="9" status="PASS">
          <reporter-output>
          </reporter-output>
        </test-method> <!-- loadConfig -->
        <test-method is-config="true" signature="setup()[pri:0, instance:amazon.testcases.loginpagetest@29215f06]" started-at="2023-04-28T12:16:11 IST" name="setup" finished-at="2023-04-28T12:16:19 IST" duration-ms="7601" status="PASS">
          <reporter-output>
          </reporter-output>
        </test-method> <!-- setup -->
        <test-method signature="logintest()[pri:0, instance:amazon.testcases.loginpagetest@29215f06]" started-at="2023-04-28T12:16:19 IST" name="logintest" finished-at="2023-04-28T12:16:22 IST" duration-ms="3408" status="PASS">
          <reporter-output>
          </reporter-output>
        </test-method> <!-- logintest -->
        <test-method is-config="true" signature="tearDown()[pri:0, instance:amazon.testcases.loginpagetest@29215f06]" started-at="2023-04-28T12:16:22 IST" name="tearDown" finished-at="2023-04-28T12:16:23 IST" duration-ms="422" status="PASS">
          <reporter-output>
          </reporter-output>
        </test-method> <!-- tearDown -->
      </class> <!-- amazon.testcases.loginpagetest -->
    </test> <!-- Default test -->
  </suite> <!-- Default suite -->
</testng-results>
